0 info it worked if it ends with ok
1 verbose cli [ '/home/toughluck/.nvm/versions/node/v6.0.0/bin/node',
1 verbose cli   '/home/toughluck/.nvm/versions/node/v6.0.0/bin/npm',
1 verbose cli   'publish' ]
2 info using npm@3.8.6
3 info using node@v6.0.0
4 verbose publish [ '.' ]
5 silly cache add args [ '.', null ]
6 verbose cache add spec .
7 silly cache add parsed spec Result {
7 silly cache add   raw: '.',
7 silly cache add   scope: null,
7 silly cache add   name: null,
7 silly cache add   rawSpec: '.',
7 silly cache add   spec: '/home/toughluck/Workspace/eslint-confg',
7 silly cache add   type: 'directory' }
8 verbose addLocalDirectory /home/toughluck/.npm/eslint-confg/1.0.1/package.tgz not in flight; packing
9 verbose correctMkdir /home/toughluck/.npm correctMkdir not in flight; initializing
10 info lifecycle eslint-confg@1.0.1~prepublish: eslint-confg@1.0.1
11 silly lifecycle eslint-confg@1.0.1~prepublish: no script for prepublish, continuing
12 verbose tar pack [ '/home/toughluck/.npm/eslint-confg/1.0.1/package.tgz',
12 verbose tar pack   '/home/toughluck/Workspace/eslint-confg' ]
13 verbose tarball /home/toughluck/.npm/eslint-confg/1.0.1/package.tgz
14 verbose folder /home/toughluck/Workspace/eslint-confg
15 verbose addLocalTarball adding from inside cache /home/toughluck/.npm/eslint-confg/1.0.1/package.tgz
16 verbose correctMkdir /home/toughluck/.npm correctMkdir not in flight; initializing
17 silly cache afterAdd eslint-confg@1.0.1
18 verbose afterAdd /home/toughluck/.npm/eslint-confg/1.0.1/package/package.json not in flight; writing
19 verbose correctMkdir /home/toughluck/.npm correctMkdir not in flight; initializing
20 verbose afterAdd /home/toughluck/.npm/eslint-confg/1.0.1/package/package.json written
21 silly publish { name: 'eslint-confg',
21 silly publish   version: '1.0.1',
21 silly publish   description: 'save and then generate saved eslint confs',
21 silly publish   main: 'index.js',
21 silly publish   scripts: { test: 'echo "Error: no test specified" && exit 1' },
21 silly publish   repository:
21 silly publish    { type: 'git',
21 silly publish      url: 'git+https://github.com/wrleskovec/eslint-confg.git' },
21 silly publish   keywords: [],
21 silly publish   author:
21 silly publish    { name: 'William Leskovec',
21 silly publish      email: 'russell.leskovec@gmail.com',
21 silly publish      url: 'https://wrleskovec.com/' },
21 silly publish   license: 'MIT',
21 silly publish   bugs: { url: 'https://github.com/wrleskovec/eslint-confg/issues' },
21 silly publish   homepage: 'https://github.com/wrleskovec/eslint-confg#readme',
21 silly publish   dependencies: { bluebird: '^3.4.0' },
21 silly publish   bin: { 'eslint-confg': 'index.js' },
21 silly publish   devDependencies: {},
21 silly publish   readme: '# eslint-confg\nsave and then load saved eslint confs\n\nInstall script globally.\n`npm install -g eslint-confg`\n\nSave config.\n`eslint-confg save react-babel [dir_path]`\n\nLoad config and install required eslint modules\n`eslint-confg load react-babel [dir_path]`\n\nRemove loaded config and eslint modules.\n`eslint-confg remove react-babel [dir_path]`\n',
21 silly publish   readmeFilename: 'README.md',
21 silly publish   gitHead: 'd56fde7f4979414f37e9f0280d5a6e1f4f769c12',
21 silly publish   _id: 'eslint-confg@1.0.1',
21 silly publish   _shasum: '442eca4427395c2e1fd541e1a26cea6e4d5b043d',
21 silly publish   _from: '.' }
22 verbose getPublishConfig undefined
23 silly mapToRegistry name eslint-confg
24 silly mapToRegistry using default registry
25 silly mapToRegistry registry https://registry.npmjs.org/
26 silly mapToRegistry data Result {
26 silly mapToRegistry   raw: 'eslint-confg',
26 silly mapToRegistry   scope: null,
26 silly mapToRegistry   name: 'eslint-confg',
26 silly mapToRegistry   rawSpec: '',
26 silly mapToRegistry   spec: 'latest',
26 silly mapToRegistry   type: 'tag' }
27 silly mapToRegistry uri https://registry.npmjs.org/eslint-confg
28 verbose publish registryBase https://registry.npmjs.org/
29 silly publish uploading /home/toughluck/.npm/eslint-confg/1.0.1/package.tgz
30 verbose request uri https://registry.npmjs.org/eslint-confg
31 verbose request sending authorization for write operation
32 info attempt registry request try #1 at 5:47:48 PM
33 verbose request using bearer token for auth
34 verbose request id 1776a65b94959ff2
35 http request PUT https://registry.npmjs.org/eslint-confg
36 http 403 https://registry.npmjs.org/eslint-confg
37 verbose headers { 'content-type': 'application/json',
37 verbose headers   'cache-control': 'max-age=300',
37 verbose headers   'content-length': '95',
37 verbose headers   'accept-ranges': 'bytes',
37 verbose headers   date: 'Wed, 08 Jun 2016 22:47:49 GMT',
37 verbose headers   via: '1.1 varnish',
37 verbose headers   connection: 'keep-alive',
37 verbose headers   'x-served-by': 'cache-dfw1837-DFW',
37 verbose headers   'x-cache': 'MISS',
37 verbose headers   'x-cache-hits': '0',
37 verbose headers   'x-timer': 'S1465426068.876785,VS0,VE1109',
37 verbose headers   vary: 'Accept-Encoding' }
38 verbose request invalidating /home/toughluck/.npm/registry.npmjs.org/eslint-confg on PUT
39 error publish Failed PUT 403
40 verbose stack Error: "You cannot publish over the previously published version 1.0.1." : eslint-confg
40 verbose stack     at makeError (/home/toughluck/.nvm/versions/node/v6.0.0/lib/node_modules/npm/node_modules/npm-registry-client/lib/request.js:264:12)
40 verbose stack     at CachingRegistryClient.<anonymous> (/home/toughluck/.nvm/versions/node/v6.0.0/lib/node_modules/npm/node_modules/npm-registry-client/lib/request.js:252:14)
40 verbose stack     at Request._callback (/home/toughluck/.nvm/versions/node/v6.0.0/lib/node_modules/npm/node_modules/npm-registry-client/lib/request.js:172:14)
40 verbose stack     at Request.self.callback (/home/toughluck/.nvm/versions/node/v6.0.0/lib/node_modules/npm/node_modules/request/request.js:199:22)
40 verbose stack     at emitTwo (events.js:106:13)
40 verbose stack     at Request.emit (events.js:191:7)
40 verbose stack     at Request.<anonymous> (/home/toughluck/.nvm/versions/node/v6.0.0/lib/node_modules/npm/node_modules/request/request.js:1036:10)
40 verbose stack     at emitOne (events.js:101:20)
40 verbose stack     at Request.emit (events.js:188:7)
40 verbose stack     at IncomingMessage.<anonymous> (/home/toughluck/.nvm/versions/node/v6.0.0/lib/node_modules/npm/node_modules/request/request.js:963:12)
41 verbose statusCode 403
42 verbose pkgid eslint-confg
43 verbose cwd /home/toughluck/Workspace/eslint-confg
44 error Linux 4.2.0-30-generic
45 error argv "/home/toughluck/.nvm/versions/node/v6.0.0/bin/node" "/home/toughluck/.nvm/versions/node/v6.0.0/bin/npm" "publish"
46 error node v6.0.0
47 error npm  v3.8.6
48 error code E403
49 error "You cannot publish over the previously published version 1.0.1." : eslint-confg
50 error If you need help, you may report this error at:
50 error     <https://github.com/npm/npm/issues>
51 verbose exit [ 1, true ]
